This is pdfTeX, Version 3.141592653-2.6-1.40.22 (TeX Live 2021) (preloaded format=pdflatex 2021.9.24)  29 APR 2024 16:34
entering extended mode
 restricted \write18 enabled.
 file:line:error style messages enabled.
 %&-line parsing enabled.
**/Users/pgcd/Documents/Sciences_Po/Master/S2/3_Macro_2/Presentation/Resources/Equations_description/Final/Equations_description.tex
(/Users/pgcd/Documents/Sciences_Po/Master/S2/3_Macro_2/Presentation/Resources/Equations_description/Final/Equations_description.tex
LaTeX2e <2020-10-01> patch level 4
L3 programming layer <2021-02-18> (/usr/local/texlive/2021/texmf-dist/tex/latex/base/article.cls
Document Class: article 2020/04/10 v1.4m Standard LaTeX document class
(/usr/local/texlive/2021/texmf-dist/tex/latex/base/size10.clo
File: size10.clo 2020/04/10 v1.4m Standard LaTeX file (size option)
)
\c@part=\count179
\c@section=\count180
\c@subsection=\count181
\c@subsubsection=\count182
\c@paragraph=\count183
\c@subparagraph=\count184
\c@figure=\count185
\c@table=\count186
\abovecaptionskip=\skip47
\belowcaptionskip=\skip48
\bibindent=\dimen138
) (/usr/local/texlive/2021/texmf-dist/tex/latex/amsmath/amsmath.sty
Package: amsmath 2020/09/23 v2.17i AMS math features
\@mathmargin=\skip49

For additional information on amsmath, use the `?' option.
(/usr/local/texlive/2021/texmf-dist/tex/latex/amsmath/amstext.sty
Package: amstext 2000/06/29 v2.01 AMS text
 (/usr/local/texlive/2021/texmf-dist/tex/latex/amsmath/amsgen.sty
File: amsgen.sty 1999/11/30 v2.0 generic functions
\@emptytoks=\toks15
\ex@=\dimen139
)) (/usr/local/texlive/2021/texmf-dist/tex/latex/amsmath/amsbsy.sty
Package: amsbsy 1999/11/29 v1.2d Bold Symbols
\pmbraise@=\dimen140
) (/usr/local/texlive/2021/texmf-dist/tex/latex/amsmath/amsopn.sty
Package: amsopn 2016/03/08 v2.02 operator names
)
\inf@bad=\count187
LaTeX Info: Redefining \frac on input line 234.
\uproot@=\count188
\leftroot@=\count189
LaTeX Info: Redefining \overline on input line 399.
\classnum@=\count190
\DOTSCASE@=\count191
LaTeX Info: Redefining \ldots on input line 496.
LaTeX Info: Redefining \dots on input line 499.
LaTeX Info: Redefining \cdots on input line 620.
\Mathstrutbox@=\box47
\strutbox@=\box48
\big@size=\dimen141
LaTeX Font Info:    Redeclaring font encoding OML on input line 743.
LaTeX Font Info:    Redeclaring font encoding OMS on input line 744.
\macc@depth=\count192
\c@MaxMatrixCols=\count193
\dotsspace@=\muskip16
\c@parentequation=\count194
\dspbrk@lvl=\count195
\tag@help=\toks16
\row@=\count196
\column@=\count197
\maxfields@=\count198
\andhelp@=\toks17
\eqnshift@=\dimen142
\alignsep@=\dimen143
\tagshift@=\dimen144
\tagwidth@=\dimen145
\totwidth@=\dimen146
\lineht@=\dimen147
\@envbody=\toks18
\multlinegap=\skip50
\multlinetaggap=\skip51
\mathdisplay@stack=\toks19
LaTeX Info: Redefining \[ on input line 2923.
LaTeX Info: Redefining \] on input line 2924.
) (/usr/local/texlive/2021/texmf-dist/tex/latex/amsfonts/amssymb.sty
Package: amssymb 2013/01/14 v3.01 AMS font symbols
 (/usr/local/texlive/2021/texmf-dist/tex/latex/amsfonts/amsfonts.sty
Package: amsfonts 2013/01/14 v3.01 Basic AMSFonts support
\symAMSa=\mathgroup4
\symAMSb=\mathgroup5
LaTeX Font Info:    Redeclaring math symbol \hbar on input line 98.
LaTeX Font Info:    Overwriting math alphabet `\mathfrak' in version `bold'
(Font)                  U/euf/m/n --> U/euf/b/n on input line 106.
)) (/usr/local/texlive/2021/texmf-dist/tex/latex/tools/bm.sty
Package: bm 2019/07/24 v1.2d Bold Symbol Support (DPC/FMi)
\symboldoperators=\mathgroup6
\symboldletters=\mathgroup7
\symboldsymbols=\mathgroup8
LaTeX Font Info:    Redeclaring math alphabet \mathbf on input line 141.
LaTeX Info: Redefining \bm on input line 209.
) (/usr/local/texlive/2021/texmf-dist/tex/latex/hyperref/hyperref.sty
Package: hyperref 2021-02-27 v7.00k Hypertext links for LaTeX
 (/usr/local/texlive/2021/texmf-dist/tex/generic/ltxcmds/ltxcmds.sty
Package: ltxcmds 2020-05-10 v1.25 LaTeX kernel commands for general use (HO)
) (/usr/local/texlive/2021/texmf-dist/tex/generic/iftex/iftex.sty
Package: iftex 2020/03/06 v1.0d TeX engine tests
) (/usr/local/texlive/2021/texmf-dist/tex/generic/pdftexcmds/pdftexcmds.sty
Package: pdftexcmds 2020-06-27 v0.33 Utility functions of pdfTeX for LuaTeX (HO)
 (/usr/local/texlive/2021/texmf-dist/tex/generic/infwarerr/infwarerr.sty
Package: infwarerr 2019/12/03 v1.5 Providing info/warning/error messages (HO)
)
Package pdftexcmds Info: \pdf@primitive is available.
Package pdftexcmds Info: \pdf@ifprimitive is available.
Package pdftexcmds Info: \pdfdraftmode found.
) (/usr/local/texlive/2021/texmf-dist/tex/latex/graphics/keyval.sty
Package: keyval 2014/10/28 v1.15 key=value parser (DPC)
\KV@toks@=\toks20
) (/usr/local/texlive/2021/texmf-dist/tex/generic/kvsetkeys/kvsetkeys.sty
Package: kvsetkeys 2019/12/15 v1.18 Key value parser (HO)
) (/usr/local/texlive/2021/texmf-dist/tex/generic/kvdefinekeys/kvdefinekeys.sty
Package: kvdefinekeys 2019-12-19 v1.6 Define keys (HO)
) (/usr/local/texlive/2021/texmf-dist/tex/generic/pdfescape/pdfescape.sty
Package: pdfescape 2019/12/09 v1.15 Implements pdfTeX's escape features (HO)
) (/usr/local/texlive/2021/texmf-dist/tex/latex/hycolor/hycolor.sty
Package: hycolor 2020-01-27 v1.10 Color options for hyperref/bookmark (HO)
) (/usr/local/texlive/2021/texmf-dist/tex/latex/letltxmacro/letltxmacro.sty
Package: letltxmacro 2019/12/03 v1.6 Let assignment for LaTeX macros (HO)
) (/usr/local/texlive/2021/texmf-dist/tex/latex/auxhook/auxhook.sty
Package: auxhook 2019-12-17 v1.6 Hooks for auxiliary files (HO)
) (/usr/local/texlive/2021/texmf-dist/tex/latex/kvoptions/kvoptions.sty
Package: kvoptions 2020-10-07 v3.14 Key value format for package options (HO)
)
\@linkdim=\dimen148
\Hy@linkcounter=\count199
\Hy@pagecounter=\count266
 (/usr/local/texlive/2021/texmf-dist/tex/latex/hyperref/pd1enc.def
File: pd1enc.def 2021-02-27 v7.00k Hyperref: PDFDocEncoding definition (HO)
Now handling font encoding PD1 ...
... no UTF-8 mapping file for font encoding PD1
) (/usr/local/texlive/2021/texmf-dist/tex/latex/hyperref/hyperref-langpatches.def
File: hyperref-langpatches.def 2021-02-27 v7.00k Hyperref: patches for babel languages
) (/usr/local/texlive/2021/texmf-dist/tex/generic/intcalc/intcalc.sty
Package: intcalc 2019/12/15 v1.3 Expandable calculations with integers (HO)
) (/usr/local/texlive/2021/texmf-dist/tex/generic/etexcmds/etexcmds.sty
Package: etexcmds 2019/12/15 v1.7 Avoid name clashes with e-TeX commands (HO)
)
\Hy@SavedSpaceFactor=\count267
 (/usr/local/texlive/2021/texmf-dist/tex/latex/hyperref/puenc.def
File: puenc.def 2021-02-27 v7.00k Hyperref: PDF Unicode definition (HO)
Now handling font encoding PU ...
... no UTF-8 mapping file for font encoding PU
)
Package hyperref Info: Hyper figures OFF on input line 4192.
Package hyperref Info: Link nesting OFF on input line 4197.
Package hyperref Info: Hyper index ON on input line 4200.
Package hyperref Info: Plain pages OFF on input line 4207.
Package hyperref Info: Backreferencing OFF on input line 4212.
Package hyperref Info: Implicit mode ON; LaTeX internals redefined.
Package hyperref Info: Bookmarks ON on input line 4445.
\c@Hy@tempcnt=\count268
 (/usr/local/texlive/2021/texmf-dist/tex/latex/url/url.sty
\Urlmuskip=\muskip17
Package: url 2013/09/16  ver 3.4  Verb mode for urls, etc.
)
LaTeX Info: Redefining \url on input line 4804.
\XeTeXLinkMargin=\dimen149
 (/usr/local/texlive/2021/texmf-dist/tex/generic/bitset/bitset.sty
Package: bitset 2019/12/09 v1.3 Handle bit-vector datatype (HO)
 (/usr/local/texlive/2021/texmf-dist/tex/generic/bigintcalc/bigintcalc.sty
Package: bigintcalc 2019/12/15 v1.5 Expandable calculations on big integers (HO)
))
\Fld@menulength=\count269
\Field@Width=\dimen150
\Fld@charsize=\dimen151
Package hyperref Info: Hyper figures OFF on input line 6075.
Package hyperref Info: Link nesting OFF on input line 6080.
Package hyperref Info: Hyper index ON on input line 6083.
Package hyperref Info: backreferencing OFF on input line 6090.
Package hyperref Info: Link coloring OFF on input line 6095.
Package hyperref Info: Link coloring with OCG OFF on input line 6100.
Package hyperref Info: PDF/A mode OFF on input line 6105.
LaTeX Info: Redefining \ref on input line 6145.
LaTeX Info: Redefining \pageref on input line 6149.
 (/usr/local/texlive/2021/texmf-dist/tex/latex/base/atbegshi-ltx.sty
Package: atbegshi-ltx 2020/08/17 v1.0a Emulation of the original atbegshi package
with kernel methods
)
\Hy@abspage=\count270
\c@Item=\count271
\c@Hfootnote=\count272
)
Package hyperref Info: Driver (autodetected): hpdftex.
 (/usr/local/texlive/2021/texmf-dist/tex/latex/hyperref/hpdftex.def
File: hpdftex.def 2021-02-27 v7.00k Hyperref driver for pdfTeX
 (/usr/local/texlive/2021/texmf-dist/tex/latex/base/atveryend-ltx.sty
Package: atveryend-ltx 2020/08/19 v1.0a Emulation of the original atvery package
with kernel methods
)
\Fld@listcount=\count273
\c@bookmark@seq@number=\count274
 (/usr/local/texlive/2021/texmf-dist/tex/latex/rerunfilecheck/rerunfilecheck.sty
Package: rerunfilecheck 2019/12/05 v1.9 Rerun checks for auxiliary files (HO)
 (/usr/local/texlive/2021/texmf-dist/tex/generic/uniquecounter/uniquecounter.sty
Package: uniquecounter 2019/12/15 v1.4 Provide unlimited unique counter (HO)
)
Package uniquecounter Info: New unique counter `rerunfilecheck' on input line 286.
)
\Hy@SectionHShift=\skip52
) (/usr/local/texlive/2021/texmf-dist/tex/latex/csquotes/csquotes.sty
Package: csquotes 2021-02-22 v5.2l context-sensitive quotations (JAW)
 (/usr/local/texlive/2021/texmf-dist/tex/latex/etoolbox/etoolbox.sty
Package: etoolbox 2020/10/05 v2.5k e-TeX tools for LaTeX (JAW)
\etb@tempcnta=\count275
)
\csq@reset=\count276
\csq@gtype=\count277
\csq@glevel=\count278
\csq@qlevel=\count279
\csq@maxlvl=\count280
\csq@tshold=\count281
\csq@ltx@everypar=\toks21
 (/usr/local/texlive/2021/texmf-dist/tex/latex/csquotes/csquotes.def
File: csquotes.def 2021-02-22 v5.2l csquotes generic definitions (JAW)
)
Package csquotes Info: Trying to load configuration file 'csquotes.cfg'...
Package csquotes Info: ... configuration file loaded successfully.
 (/usr/local/texlive/2021/texmf-dist/tex/latex/csquotes/csquotes.cfg
File: csquotes.cfg 
))
\symmatha=\mathgroup9
Package hyperref Info: Option `colorlinks' set `true' on input line 20.
Package csquotes Info: Checking for multilingual support...
Package csquotes Info: ... none found.
 (/usr/local/texlive/2021/texmf-dist/tex/latex/l3backend/l3backend-pdftex.def
File: l3backend-pdftex.def 2021-03-18 L3 backend support: PDF output (pdfTeX)
\l__color_backend_stack_int=\count282
\l__pdf_internal_box=\box49
) (/Users/pgcd/Documents/Sciences_Po/Master/S2/3_Macro_2/Presentation/Resources/Equations_description/Final/Equations_description.aux)
\openout1 = `Equations_description.aux'.

LaTeX Font Info:    Checking defaults for OML/cmm/m/it on input line 22.
LaTeX Font Info:    ... okay on input line 22.
LaTeX Font Info:    Checking defaults for OMS/cmsy/m/n on input line 22.
LaTeX Font Info:    ... okay on input line 22.
LaTeX Font Info:    Checking defaults for OT1/cmr/m/n on input line 22.
LaTeX Font Info:    ... okay on input line 22.
LaTeX Font Info:    Checking defaults for T1/cmr/m/n on input line 22.
LaTeX Font Info:    ... okay on input line 22.
LaTeX Font Info:    Checking defaults for TS1/cmr/m/n on input line 22.
LaTeX Font Info:    ... okay on input line 22.
LaTeX Font Info:    Checking defaults for OMX/cmex/m/n on input line 22.
LaTeX Font Info:    ... okay on input line 22.
LaTeX Font Info:    Checking defaults for U/cmr/m/n on input line 22.
LaTeX Font Info:    ... okay on input line 22.
LaTeX Font Info:    Checking defaults for PD1/pdf/m/n on input line 22.
LaTeX Font Info:    ... okay on input line 22.
LaTeX Font Info:    Checking defaults for PU/pdf/m/n on input line 22.
LaTeX Font Info:    ... okay on input line 22.
 (/usr/local/texlive/2021/texmf-dist/tex/latex/graphics/color.sty
Package: color 2020/02/24 v1.2b Standard LaTeX Color (DPC)
 (/usr/local/texlive/2021/texmf-dist/tex/latex/graphics-cfg/color.cfg
File: color.cfg 2016/01/02 v1.6 sample color configuration
)
Package color Info: Driver file: pdftex.def on input line 147.
 (/usr/local/texlive/2021/texmf-dist/tex/latex/graphics-def/pdftex.def
File: pdftex.def 2020/10/05 v1.2a Graphics/color driver for pdftex
 (/usr/local/texlive/2021/texmf-dist/tex/context/base/mkii/supp-pdf.mkii
[Loading MPS to PDF converter (version 2006.09.02).]
\scratchcounter=\count283
\scratchdimen=\dimen152
\scratchbox=\box50
\nofMPsegments=\count284
\nofMParguments=\count285
\everyMPshowfont=\toks22
\MPscratchCnt=\count286
\MPscratchDim=\dimen153
\MPnumerator=\count287
\makeMPintoPDFobject=\count288
\everyMPtoPDFconversion=\toks23
)))
Package hyperref Info: Link coloring ON on input line 22.
 (/usr/local/texlive/2021/texmf-dist/tex/latex/hyperref/nameref.sty
Package: nameref 2021-04-02 v2.47 Cross-referencing by name of section
 (/usr/local/texlive/2021/texmf-dist/tex/latex/refcount/refcount.sty
Package: refcount 2019/12/15 v3.6 Data extraction from label references (HO)
) (/usr/local/texlive/2021/texmf-dist/tex/generic/gettitlestring/gettitlestring.sty
Package: gettitlestring 2019/12/15 v1.6 Cleanup title references (HO)
)
\c@section@level=\count289
)
LaTeX Info: Redefining \ref on input line 22.
LaTeX Info: Redefining \pageref on input line 22.
LaTeX Info: Redefining \nameref on input line 22.
 (/Users/pgcd/Documents/Sciences_Po/Master/S2/3_Macro_2/Presentation/Resources/Equations_description/Final/Equations_description.out) (/Users/pgcd/Documents/Sciences_Po/Master/S2/3_Macro_2/Presentation/Resources/Equations_description/Final/Equations_description.out)
\@outlinefile=\write3
\openout3 = `Equations_description.out'.

LaTeX Font Info:    Trying to load font information for U+msa on input line 25.
 (/usr/local/texlive/2021/texmf-dist/tex/latex/amsfonts/umsa.fd
File: umsa.fd 2013/01/14 v3.01 AMS symbols A
)
LaTeX Font Info:    Trying to load font information for U+msb on input line 25.
 (/usr/local/texlive/2021/texmf-dist/tex/latex/amsfonts/umsb.fd
File: umsb.fd 2013/01/14 v3.01 AMS symbols B
)
LaTeX Font Info:    Trying to load font information for OML+txmi on input line 25.
 (/usr/local/texlive/2021/texmf-dist/tex/latex/txfonts/omltxmi.fd
File: omltxmi.fd 2000/12/15 v3.1
) [1

{/usr/local/texlive/2021/texmf-var/fonts/map/pdftex/updmap/pdftex.map}] (/Users/pgcd/Documents/Sciences_Po/Master/S2/3_Macro_2/Presentation/Resources/Equations_description/Final/Equations_description.toc)
\tf@toc=\write4
\openout4 = `Equations_description.toc'.

 [2] [3pdfTeX warning (ext4): destination with the same identifier (name{equation.1.1}) has been already used, duplicate ignored
<argument> ...shipout:D \box_use:N \l_shipout_box 
                                                  
l.91 \end{equation}
                   pdfTeX warning (ext4): destination with the same identifier (name{equation.1.1}) has been already used, duplicate ignored
<argument> ...shipout:D \box_use:N \l_shipout_box 
                                                  
l.91 \end{equation}
                   pdfTeX warning (ext4): destination with the same identifier (name{equation.1.1}) has been already used, duplicate ignored
<argument> ...shipout:D \box_use:N \l_shipout_box 
                                                  
l.91 \end{equation}
                   ]pdfTeX warning (ext4): destination with the same identifier (name{equation.1.1}) has been already used, duplicate ignored
<to be read again> 
                   \relax 
l.102 \begin{equation}
                      \tag{6}pdfTeX warning (ext4): destination with the same identifier (name{equation.1.1}) has been already used, duplicate ignored
<to be read again> 
                   \relax 
l.102 \begin{equation}
                      \tag{6}pdfTeX warning (ext4): destination with the same identifier (name{equation.1.1}) has been already used, duplicate ignored
<to be read again> 
                   \relax 
l.102 \begin{equation}
                      \tag{6}pdfTeX warning (ext4): destination with the same identifier (name{equation.1.1}) has been already used, duplicate ignored
<to be read again> 
                   \relax 
l.102 \begin{equation}
                      \tag{6}pdfTeX warning (ext4): destination with the same identifier (name{equation.1.1}) has been already used, duplicate ignored
<to be read again> 
                   \relax 
l.121 \begin{equation}
                      \tag{7}pdfTeX warning (ext4): destination with the same identifier (name{equation.1.1}) has been already used, duplicate ignored
<to be read again> 
                   \relax 
l.121 \begin{equation}
                      \tag{7}pdfTeX warning (ext4): destination with the same identifier (name{equation.1.1}) has been already used, duplicate ignored
<to be read again> 
                   \relax 
l.121 \begin{equation}
                      \tag{7}pdfTeX warning (ext4): destination with the same identifier (name{equation.1.1}) has been already used, duplicate ignored
<to be read again> 
                   \relax 
l.121 \begin{equation}
                      \tag{7}pdfTeX warning (ext4): destination with the same identifier (name{equation.1.1}) has been already used, duplicate ignored
<to be read again> 
                   \relax 
l.135 \begin{equation}
                      \tag{8}pdfTeX warning (ext4): destination with the same identifier (name{equation.1.1}) has been already used, duplicate ignored
<to be read again> 
                   \relax 
l.135 \begin{equation}
                      \tag{8}pdfTeX warning (ext4): destination with the same identifier (name{equation.1.1}) has been already used, duplicate ignored
<to be read again> 
                   \relax 
l.135 \begin{equation}
                      \tag{8}pdfTeX warning (ext4): destination with the same identifier (name{equation.1.1}) has been already used, duplicate ignored
<to be read again> 
                   \relax 
l.135 \begin{equation}
                      \tag{8} [4pdfTeX warning (ext4): destination with the same identifier (name{equation.1.1}) has been already used, duplicate ignored
<argument> ...shipout:D \box_use:N \l_shipout_box 
                                                  
l.137 \end{equation}
                    ]pdfTeX warning (ext4): destination with the same identifier (name{equation.1.1}) has been already used, duplicate ignored
<to be read again> 
                   \relax 
l.147 \begin{equation}
                      \tag{9}pdfTeX warning (ext4): destination with the same identifier (name{equation.1.1}) has been already used, duplicate ignored
<to be read again> 
                   \relax 
l.147 \begin{equation}
                      \tag{9}pdfTeX warning (ext4): destination with the same identifier (name{equation.1.1}) has been already used, duplicate ignored
<to be read again> 
                   \relax 
l.147 \begin{equation}
                      \tag{9}pdfTeX warning (ext4): destination with the same identifier (name{equation.1.1}) has been already used, duplicate ignored
<to be read again> 
                   \relax 
l.147 \begin{equation}
                      \tag{9}pdfTeX warning (ext4): destination with the same identifier (name{equation.1.1}) has been already used, duplicate ignored
<to be read again> 
                   \relax 
l.155 \begin{equation}
                      \tag{10}pdfTeX warning (ext4): destination with the same identifier (name{equation.1.1}) has been already used, duplicate ignored
<to be read again> 
                   \relax 
l.155 \begin{equation}
                      \tag{10}pdfTeX warning (ext4): destination with the same identifier (name{equation.1.1}) has been already used, duplicate ignored
<to be read again> 
                   \relax 
l.155 \begin{equation}
                      \tag{10}pdfTeX warning (ext4): destination with the same identifier (name{equation.1.1}) has been already used, duplicate ignored
<to be read again> 
                   \relax 
l.155 \begin{equation}
                      \tag{10}pdfTeX warning (ext4): destination with the same identifier (name{equation.1.1}) has been already used, duplicate ignored
<to be read again> 
                   \relax 
l.169 \begin{equation}
                      \tag{11}pdfTeX warning (ext4): destination with the same identifier (name{equation.1.1}) has been already used, duplicate ignored
<to be read again> 
                   \relax 
l.169 \begin{equation}
                      \tag{11}pdfTeX warning (ext4): destination with the same identifier (name{equation.1.1}) has been already used, duplicate ignored
<to be read again> 
                   \relax 
l.169 \begin{equation}
                      \tag{11}pdfTeX warning (ext4): destination with the same identifier (name{equation.1.1}) has been already used, duplicate ignored
<to be read again> 
                   \relax 
l.169 \begin{equation}
                      \tag{11}pdfTeX warning (ext4): destination with the same identifier (name{equation.1.1}) has been already used, duplicate ignored
<to be read again> 
                   \relax 
l.184 \begin{equation}
                      \tag{12}pdfTeX warning (ext4): destination with the same identifier (name{equation.1.1}) has been already used, duplicate ignored
<to be read again> 
                   \relax 
l.184 \begin{equation}
                      \tag{12}pdfTeX warning (ext4): destination with the same identifier (name{equation.1.1}) has been already used, duplicate ignored
<to be read again> 
                   \relax 
l.184 \begin{equation}
                      \tag{12}pdfTeX warning (ext4): destination with the same identifier (name{equation.1.1}) has been already used, duplicate ignored
<to be read again> 
                   \relax 
l.184 \begin{equation}
                      \tag{12} [5]pdfTeX warning (ext4): destination with the same identifier (name{equation.1.1}) has been already used, duplicate ignored
<to be read again> 
                   \relax 
l.201 \begin{equation}
                      \tag{13}pdfTeX warning (ext4): destination with the same identifier (name{equation.1.1}) has been already used, duplicate ignored
<to be read again> 
                   \relax 
l.201 \begin{equation}
                      \tag{13}pdfTeX warning (ext4): destination with the same identifier (name{equation.1.1}) has been already used, duplicate ignored
<to be read again> 
                   \relax 
l.201 \begin{equation}
                      \tag{13}pdfTeX warning (ext4): destination with the same identifier (name{equation.1.1}) has been already used, duplicate ignored
<to be read again> 
                   \relax 
l.201 \begin{equation}
                      \tag{13}pdfTeX warning (ext4): destination with the same identifier (name{equation.1.1}) has been already used, duplicate ignored
<to be read again> 
                   \relax 
l.213 \begin{equation}
                      \tag{14}pdfTeX warning (ext4): destination with the same identifier (name{equation.1.1}) has been already used, duplicate ignored
<to be read again> 
                   \relax 
l.213 \begin{equation}
                      \tag{14}pdfTeX warning (ext4): destination with the same identifier (name{equation.1.1}) has been already used, duplicate ignored
<to be read again> 
                   \relax 
l.213 \begin{equation}
                      \tag{14}pdfTeX warning (ext4): destination with the same identifier (name{equation.1.1}) has been already used, duplicate ignored
<to be read again> 
                   \relax 
l.213 \begin{equation}
                      \tag{14} [6]pdfTeX warning (ext4): destination with the same identifier (name{equation.1.1}) has been already used, duplicate ignored
<to be read again> 
                   \relax 
l.228 \begin{equation}
                      \tag{15}pdfTeX warning (ext4): destination with the same identifier (name{equation.1.1}) has been already used, duplicate ignored
<to be read again> 
                   \relax 
l.228 \begin{equation}
                      \tag{15}pdfTeX warning (ext4): destination with the same identifier (name{equation.1.1}) has been already used, duplicate ignored
<to be read again> 
                   \relax 
l.228 \begin{equation}
                      \tag{15}pdfTeX warning (ext4): destination with the same identifier (name{equation.1.1}) has been already used, duplicate ignored
<to be read again> 
                   \relax 
l.228 \begin{equation}
                      \tag{15}pdfTeX warning (ext4): destination with the same identifier (name{equation.1.1}) has been already used, duplicate ignored
<to be read again> 
                   \relax 
l.243 \begin{equation}
                      \tag{16}pdfTeX warning (ext4): destination with the same identifier (name{equation.1.1}) has been already used, duplicate ignored
<to be read again> 
                   \relax 
l.243 \begin{equation}
                      \tag{16}pdfTeX warning (ext4): destination with the same identifier (name{equation.1.1}) has been already used, duplicate ignored
<to be read again> 
                   \relax 
l.243 \begin{equation}
                      \tag{16}pdfTeX warning (ext4): destination with the same identifier (name{equation.1.1}) has been already used, duplicate ignored
<to be read again> 
                   \relax 
l.243 \begin{equation}
                      \tag{16}pdfTeX warning (ext4): destination with the same identifier (name{equation.1.1}) has been already used, duplicate ignored
<to be read again> 
                   \relax 
l.259 \begin{equation}
                      \tag{17}pdfTeX warning (ext4): destination with the same identifier (name{equation.1.1}) has been already used, duplicate ignored
<to be read again> 
                   \relax 
l.259 \begin{equation}
                      \tag{17}pdfTeX warning (ext4): destination with the same identifier (name{equation.1.1}) has been already used, duplicate ignored
<to be read again> 
                   \relax 
l.259 \begin{equation}
                      \tag{17}pdfTeX warning (ext4): destination with the same identifier (name{equation.1.1}) has been already used, duplicate ignored
<to be read again> 
                   \relax 
l.259 \begin{equation}
                      \tag{17} [7]pdfTeX warning (ext4): destination with the same identifier (name{equation.1.1}) has been already used, duplicate ignored
<to be read again> 
                   \relax 
l.277 \begin{equation}
                      \tag{18}pdfTeX warning (ext4): destination with the same identifier (name{equation.1.1}) has been already used, duplicate ignored
<to be read again> 
                   \relax 
l.277 \begin{equation}
                      \tag{18}pdfTeX warning (ext4): destination with the same identifier (name{equation.1.1}) has been already used, duplicate ignored
<to be read again> 
                   \relax 
l.277 \begin{equation}
                      \tag{18}pdfTeX warning (ext4): destination with the same identifier (name{equation.1.1}) has been already used, duplicate ignored
<to be read again> 
                   \relax 
l.277 \begin{equation}
                      \tag{18}pdfTeX warning (ext4): destination with the same identifier (name{equation.1.1}) has been already used, duplicate ignored
<to be read again> 
                   \relax 
l.290 \begin{equation}
                      \tag{19}pdfTeX warning (ext4): destination with the same identifier (name{equation.1.1}) has been already used, duplicate ignored
<to be read again> 
                   \relax 
l.290 \begin{equation}
                      \tag{19}pdfTeX warning (ext4): destination with the same identifier (name{equation.1.1}) has been already used, duplicate ignored
<to be read again> 
                   \relax 
l.290 \begin{equation}
                      \tag{19}pdfTeX warning (ext4): destination with the same identifier (name{equation.1.1}) has been already used, duplicate ignored
<to be read again> 
                   \relax 
l.290 \begin{equation}
                      \tag{19} [8]pdfTeX warning (ext4): destination with the same identifier (name{equation.1.1}) has been already used, duplicate ignored
<to be read again> 
                   \relax 
l.301 \begin{equation}
                      \tag{20}pdfTeX warning (ext4): destination with the same identifier (name{equation.1.1}) has been already used, duplicate ignored
<to be read again> 
                   \relax 
l.301 \begin{equation}
                      \tag{20}pdfTeX warning (ext4): destination with the same identifier (name{equation.1.1}) has been already used, duplicate ignored
<to be read again> 
                   \relax 
l.301 \begin{equation}
                      \tag{20}pdfTeX warning (ext4): destination with the same identifier (name{equation.1.1}) has been already used, duplicate ignored
<to be read again> 
                   \relax 
l.301 \begin{equation}
                      \tag{20}pdfTeX warning (ext4): destination with the same identifier (name{equation.1.1}) has been already used, duplicate ignored
<to be read again> 
                   \relax 
l.314 \begin{equation}
                      \tag{21}pdfTeX warning (ext4): destination with the same identifier (name{equation.1.1}) has been already used, duplicate ignored
<to be read again> 
                   \relax 
l.314 \begin{equation}
                      \tag{21}pdfTeX warning (ext4): destination with the same identifier (name{equation.1.1}) has been already used, duplicate ignored
<to be read again> 
                   \relax 
l.314 \begin{equation}
                      \tag{21}pdfTeX warning (ext4): destination with the same identifier (name{equation.1.1}) has been already used, duplicate ignored
<to be read again> 
                   \relax 
l.314 \begin{equation}
                      \tag{21}pdfTeX warning (ext4): destination with the same identifier (name{equation.1.1}) has been already used, duplicate ignored
<to be read again> 
                   \relax 
l.329 \begin{equation}
                      \tag{22}pdfTeX warning (ext4): destination with the same identifier (name{equation.1.1}) has been already used, duplicate ignored
<to be read again> 
                   \relax 
l.329 \begin{equation}
                      \tag{22}pdfTeX warning (ext4): destination with the same identifier (name{equation.1.1}) has been already used, duplicate ignored
<to be read again> 
                   \relax 
l.329 \begin{equation}
                      \tag{22}pdfTeX warning (ext4): destination with the same identifier (name{equation.1.1}) has been already used, duplicate ignored
<to be read again> 
                   \relax 
l.329 \begin{equation}
                      \tag{22} [9]pdfTeX warning (ext4): destination with the same identifier (name{equation.1.1}) has been already used, duplicate ignored
<to be read again> 
                   \relax 
l.341 \begin{equation}
                      \tag{23}pdfTeX warning (ext4): destination with the same identifier (name{equation.1.1}) has been already used, duplicate ignored
<to be read again> 
                   \relax 
l.341 \begin{equation}
                      \tag{23}pdfTeX warning (ext4): destination with the same identifier (name{equation.1.1}) has been already used, duplicate ignored
<to be read again> 
                   \relax 
l.341 \begin{equation}
                      \tag{23}pdfTeX warning (ext4): destination with the same identifier (name{equation.1.1}) has been already used, duplicate ignored
<to be read again> 
                   \relax 
l.341 \begin{equation}
                      \tag{23}pdfTeX warning (ext4): destination with the same identifier (name{equation.1.1}) has been already used, duplicate ignored
<to be read again> 
                   \relax 
l.358 \begin{equation}
                      \tag{24}pdfTeX warning (ext4): destination with the same identifier (name{equation.1.1}) has been already used, duplicate ignored
<to be read again> 
                   \relax 
l.358 \begin{equation}
                      \tag{24}pdfTeX warning (ext4): destination with the same identifier (name{equation.1.1}) has been already used, duplicate ignored
<to be read again> 
                   \relax 
l.358 \begin{equation}
                      \tag{24}pdfTeX warning (ext4): destination with the same identifier (name{equation.1.1}) has been already used, duplicate ignored
<to be read again> 
                   \relax 
l.358 \begin{equation}
                      \tag{24} [10]pdfTeX warning (ext4): destination with the same identifier (name{equation.1.1}) has been already used, duplicate ignored
<to be read again> 
                   \relax 
l.375 \begin{equation}
                      \tag{25}pdfTeX warning (ext4): destination with the same identifier (name{equation.1.1}) has been already used, duplicate ignored
<to be read again> 
                   \relax 
l.375 \begin{equation}
                      \tag{25}pdfTeX warning (ext4): destination with the same identifier (name{equation.1.1}) has been already used, duplicate ignored
<to be read again> 
                   \relax 
l.375 \begin{equation}
                      \tag{25}pdfTeX warning (ext4): destination with the same identifier (name{equation.1.1}) has been already used, duplicate ignored
<to be read again> 
                   \relax 
l.375 \begin{equation}
                      \tag{25}pdfTeX warning (ext4): destination with the same identifier (name{equation.1.1}) has been already used, duplicate ignored
<to be read again> 
                   \relax 
l.388 \begin{equation}
                      \tag{26}pdfTeX warning (ext4): destination with the same identifier (name{equation.1.1}) has been already used, duplicate ignored
<to be read again> 
                   \relax 
l.388 \begin{equation}
                      \tag{26}pdfTeX warning (ext4): destination with the same identifier (name{equation.1.1}) has been already used, duplicate ignored
<to be read again> 
                   \relax 
l.388 \begin{equation}
                      \tag{26}pdfTeX warning (ext4): destination with the same identifier (name{equation.1.1}) has been already used, duplicate ignored
<to be read again> 
                   \relax 
l.388 \begin{equation}
                      \tag{26}pdfTeX warning (ext4): destination with the same identifier (name{equation.1.1}) has been already used, duplicate ignored
<to be read again> 
                   \relax 
l.396 \begin{equation}
                      \tag{27}pdfTeX warning (ext4): destination with the same identifier (name{equation.1.1}) has been already used, duplicate ignored
<to be read again> 
                   \relax 
l.396 \begin{equation}
                      \tag{27}pdfTeX warning (ext4): destination with the same identifier (name{equation.1.1}) has been already used, duplicate ignored
<to be read again> 
                   \relax 
l.396 \begin{equation}
                      \tag{27}pdfTeX warning (ext4): destination with the same identifier (name{equation.1.1}) has been already used, duplicate ignored
<to be read again> 
                   \relax 
l.396 \begin{equation}
                      \tag{27}pdfTeX warning (ext4): destination with the same identifier (name{equation.1.1}) has been already used, duplicate ignored
<to be read again> 
                   \relax 
l.408 \begin{equation}
                      \tag{28}pdfTeX warning (ext4): destination with the same identifier (name{equation.1.1}) has been already used, duplicate ignored
<to be read again> 
                   \relax 
l.408 \begin{equation}
                      \tag{28}pdfTeX warning (ext4): destination with the same identifier (name{equation.1.1}) has been already used, duplicate ignored
<to be read again> 
                   \relax 
l.408 \begin{equation}
                      \tag{28}pdfTeX warning (ext4): destination with the same identifier (name{equation.1.1}) has been already used, duplicate ignored
<to be read again> 
                   \relax 
l.408 \begin{equation}
                      \tag{28} [11]pdfTeX warning (ext4): destination with the same identifier (name{equation.1.1}) has been already used, duplicate ignored
<to be read again> 
                   \relax 
l.415 \begin{equation}
                      \tag{29}pdfTeX warning (ext4): destination with the same identifier (name{equation.1.1}) has been already used, duplicate ignored
<to be read again> 
                   \relax 
l.415 \begin{equation}
                      \tag{29}pdfTeX warning (ext4): destination with the same identifier (name{equation.1.1}) has been already used, duplicate ignored
<to be read again> 
                   \relax 
l.415 \begin{equation}
                      \tag{29}pdfTeX warning (ext4): destination with the same identifier (name{equation.1.1}) has been already used, duplicate ignored
<to be read again> 
                   \relax 
l.415 \begin{equation}
                      \tag{29}
Overfull \hbox (39.85464pt too wide) in paragraph at lines 421--422
[]$\OML/cmm/m/it/10 M[]$ \OT1/cmr/m/n/10 is the ag-gre-gate at-ten-tion pa-ram-e-ter for firms and $\OML/cmm/m/it/10 M[] \OT1/cmr/m/n/10 = [] []$ 
 []

pdfTeX warning (ext4): destination with the same identifier (name{equation.1.1}) has been already used, duplicate ignored
<to be read again> 
                   \relax 
l.427 \begin{equation}
                      \tag{30}pdfTeX warning (ext4): destination with the same identifier (name{equation.1.1}) has been already used, duplicate ignored
<to be read again> 
                   \relax 
l.427 \begin{equation}
                      \tag{30}pdfTeX warning (ext4): destination with the same identifier (name{equation.1.1}) has been already used, duplicate ignored
<to be read again> 
                   \relax 
l.427 \begin{equation}
                      \tag{30}pdfTeX warning (ext4): destination with the same identifier (name{equation.1.1}) has been already used, duplicate ignored
<to be read again> 
                   \relax 
l.427 \begin{equation}
                      \tag{30} [12pdfTeX warning (ext4): destination with the same identifier (name{equation.2.1}) has been already used, duplicate ignored
<argument> ...shipout:D \box_use:N \l_shipout_box 
                                                  
l.463 \end{equation}
                    ]pdfTeX warning (ext4): destination with the same identifier (name{equation.2.1}) has been already used, duplicate ignored
<to be read again> 
                   \relax 
l.471 \begin{equation}
                      \tag{34}pdfTeX warning (ext4): destination with the same identifier (name{equation.2.1}) has been already used, duplicate ignored
<to be read again> 
                   \relax 
l.471 \begin{equation}
                      \tag{34}pdfTeX warning (ext4): destination with the same identifier (name{equation.2.1}) has been already used, duplicate ignored
<to be read again> 
                   \relax 
l.471 \begin{equation}
                      \tag{34}pdfTeX warning (ext4): destination with the same identifier (name{equation.2.1}) has been already used, duplicate ignored
<to be read again> 
                   \relax 
l.471 \begin{equation}
                      \tag{34}pdfTeX warning (ext4): destination with the same identifier (name{equation.2.1}) has been already used, duplicate ignored
<to be read again> 
                   \relax 
l.478 \begin{equation}
                      \tag{35}pdfTeX warning (ext4): destination with the same identifier (name{equation.2.1}) has been already used, duplicate ignored
<to be read again> 
                   \relax 
l.478 \begin{equation}
                      \tag{35}pdfTeX warning (ext4): destination with the same identifier (name{equation.2.1}) has been already used, duplicate ignored
<to be read again> 
                   \relax 
l.478 \begin{equation}
                      \tag{35}pdfTeX warning (ext4): destination with the same identifier (name{equation.2.1}) has been already used, duplicate ignored
<to be read again> 
                   \relax 
l.478 \begin{equation}
                      \tag{35}pdfTeX warning (ext4): destination with the same identifier (name{equation.2.1}) has been already used, duplicate ignored
<to be read again> 
                   \relax 
l.488 \begin{equation}
                      \tag{36}pdfTeX warning (ext4): destination with the same identifier (name{equation.2.1}) has been already used, duplicate ignored
<to be read again> 
                   \relax 
l.488 \begin{equation}
                      \tag{36}pdfTeX warning (ext4): destination with the same identifier (name{equation.2.1}) has been already used, duplicate ignored
<to be read again> 
                   \relax 
l.488 \begin{equation}
                      \tag{36}pdfTeX warning (ext4): destination with the same identifier (name{equation.2.1}) has been already used, duplicate ignored
<to be read again> 
                   \relax 
l.488 \begin{equation}
                      \tag{36}pdfTeX warning (ext4): destination with the same identifier (name{equation.2.1}) has been already used, duplicate ignored
<to be read again> 
                   \relax 
l.495 \begin{equation}
                       \tag{37}pdfTeX warning (ext4): destination with the same identifier (name{equation.2.1}) has been already used, duplicate ignored
<to be read again> 
                   \relax 
l.495 \begin{equation}
                       \tag{37}pdfTeX warning (ext4): destination with the same identifier (name{equation.2.1}) has been already used, duplicate ignored
<to be read again> 
                   \relax 
l.495 \begin{equation}
                       \tag{37}pdfTeX warning (ext4): destination with the same identifier (name{equation.2.1}) has been already used, duplicate ignored
<to be read again> 
                   \relax 
l.495 \begin{equation}
                       \tag{37} [13pdfTeX warning (ext4): destination with the same identifier (name{equation.2.1}) has been already used, duplicate ignored
<argument> ...shipout:D \box_use:N \l_shipout_box 
                                                  
l.497 \end{equation}
                    ]pdfTeX warning (ext4): destination with the same identifier (name{equation.2.1}) has been already used, duplicate ignored
<to be read again> 
                   \relax 
l.508 \begin{equation}
                      \tag{38}pdfTeX warning (ext4): destination with the same identifier (name{equation.2.1}) has been already used, duplicate ignored
<to be read again> 
                   \relax 
l.508 \begin{equation}
                      \tag{38}pdfTeX warning (ext4): destination with the same identifier (name{equation.2.1}) has been already used, duplicate ignored
<to be read again> 
                   \relax 
l.508 \begin{equation}
                      \tag{38}pdfTeX warning (ext4): destination with the same identifier (name{equation.2.1}) has been already used, duplicate ignored
<to be read again> 
                   \relax 
l.508 \begin{equation}
                      \tag{38}

LaTeX Warning: Command \textless invalid in math mode on input line 509.

LaTeX Font Info:    Trying to load font information for OML+cmr on input line 509.
(/usr/local/texlive/2021/texmf-dist/tex/latex/base/omlcmr.fd
File: omlcmr.fd 2019/12/16 v2.5j Standard LaTeX font definitions
)
LaTeX Font Info:    Font shape `OML/cmr/m/n' in size <10> not available
(Font)              Font shape `OML/cmm/m/it' tried instead on input line 509.


LaTeX Warning: Command \textless invalid in math mode on input line 509.


Overfull \hbox (6.23335pt too wide) in paragraph at lines 515--515
[]\OT1/cmr/bx/n/12 Welfare with Be-hav-ioral Agents and the Cen-tral Bank's
 []

[14]
Overfull \hbox (34.59521pt too wide) in paragraph at lines 535--536
$[]$\OT1/cmr/m/n/10 :
 []

pdfTeX warning (ext4): destination with the same identifier (name{equation.3.1}) has been already used, duplicate ignored
<to be read again> 
                   \relax 
l.536 \begin{equation}
                      \tag{40}pdfTeX warning (ext4): destination with the same identifier (name{equation.3.1}) has been already used, duplicate ignored
<to be read again> 
                   \relax 
l.536 \begin{equation}
                      \tag{40}pdfTeX warning (ext4): destination with the same identifier (name{equation.3.1}) has been already used, duplicate ignored
<to be read again> 
                   \relax 
l.536 \begin{equation}
                      \tag{40}pdfTeX warning (ext4): destination with the same identifier (name{equation.3.1}) has been already used, duplicate ignored
<to be read again> 
                   \relax 
l.536 \begin{equation}
                      \tag{40}

LaTeX Warning: Command \textgreater invalid in math mode on input line 537.


LaTeX Warning: Command \textgreater invalid in math mode on input line 537.

pdfTeX warning (ext4): destination with the same identifier (name{equation.3.1}) has been already used, duplicate ignored
<to be read again> 
                   \relax 
l.540 \begin{equation}
                      \tag{41}pdfTeX warning (ext4): destination with the same identifier (name{equation.3.1}) has been already used, duplicate ignored
<to be read again> 
                   \relax 
l.540 \begin{equation}
                      \tag{41}pdfTeX warning (ext4): destination with the same identifier (name{equation.3.1}) has been already used, duplicate ignored
<to be read again> 
                   \relax 
l.540 \begin{equation}
                      \tag{41}pdfTeX warning (ext4): destination with the same identifier (name{equation.3.1}) has been already used, duplicate ignored
<to be read again> 
                   \relax 
l.540 \begin{equation}
                      \tag{41}pdfTeX warning (ext4): destination with the same identifier (name{equation.3.1}) has been already used, duplicate ignored
<to be read again> 
                   \relax 
l.549 \begin{equation}
                      \tag{42}pdfTeX warning (ext4): destination with the same identifier (name{equation.3.1}) has been already used, duplicate ignored
<to be read again> 
                   \relax 
l.549 \begin{equation}
                      \tag{42}pdfTeX warning (ext4): destination with the same identifier (name{equation.3.1}) has been already used, duplicate ignored
<to be read again> 
                   \relax 
l.549 \begin{equation}
                      \tag{42}pdfTeX warning (ext4): destination with the same identifier (name{equation.3.1}) has been already used, duplicate ignored
<to be read again> 
                   \relax 
l.549 \begin{equation}
                      \tag{42}

LaTeX Warning: Command \textgreater invalid in math mode on input line 556.


LaTeX Warning: Command \textgreater invalid in math mode on input line 556.

[15]
Overfull \hbox (11.73169pt too wide) in paragraph at lines 577--579
$[]$\OT1/cmr/m/n/10 : Be-cause
 []


LaTeX Warning: Command \textgreater invalid in math mode on input line 586.


LaTeX Warning: Command \textgreater invalid in math mode on input line 586.


LaTeX Warning: Command \textgreater invalid in math mode on input line 592.


LaTeX Warning: Command \textgreater invalid in math mode on input line 592.

[16pdfTeX warning (ext4): destination with the same identifier (name{equation.4.1}) has been already used, duplicate ignored
<argument> ...shipout:D \box_use:N \l_shipout_box 
                                                  
l.600 \end{equation}
                    pdfTeX warning (ext4): destination with the same identifier (name{equation.4.1}) has been already used, duplicate ignored
<argument> ...shipout:D \box_use:N \l_shipout_box 
                                                  
l.600 \end{equation}
                    ]pdfTeX warning (ext4): destination with the same identifier (name{equation.4.1}) has been already used, duplicate ignored
<to be read again> 
                   \relax 
l.610 \begin{equation}
                      \tag{47}pdfTeX warning (ext4): destination with the same identifier (name{equation.4.1}) has been already used, duplicate ignored
<to be read again> 
                   \relax 
l.610 \begin{equation}
                      \tag{47}pdfTeX warning (ext4): destination with the same identifier (name{equation.4.1}) has been already used, duplicate ignored
<to be read again> 
                   \relax 
l.610 \begin{equation}
                      \tag{47}pdfTeX warning (ext4): destination with the same identifier (name{equation.4.1}) has been already used, duplicate ignored
<to be read again> 
                   \relax 
l.610 \begin{equation}
                      \tag{47}pdfTeX warning (ext4): destination with the same identifier (name{equation.4.1}) has been already used, duplicate ignored
<to be read again> 
                   \relax 
l.618 \begin{equation}
                      \tag{48}pdfTeX warning (ext4): destination with the same identifier (name{equation.4.1}) has been already used, duplicate ignored
<to be read again> 
                   \relax 
l.618 \begin{equation}
                      \tag{48}pdfTeX warning (ext4): destination with the same identifier (name{equation.4.1}) has been already used, duplicate ignored
<to be read again> 
                   \relax 
l.618 \begin{equation}
                      \tag{48}pdfTeX warning (ext4): destination with the same identifier (name{equation.4.1}) has been already used, duplicate ignored
<to be read again> 
                   \relax 
l.618 \begin{equation}
                      \tag{48} [17pdfTeX warning (ext4): destination with the same identifier (name{equation.4.1}) has been already used, duplicate ignored
<argument> ...shipout:D \box_use:N \l_shipout_box 
                                                  
l.639     \item $
                 \textbf{G}^{k,BR}$ is the transition function of personal w...]pdfTeX warning (ext4): destination with the same identifier (name{equation.5.1}) has been already used, duplicate ignored
<to be read again> 
                   \relax 
l.651 \begin{equation}
                      \tag{50}pdfTeX warning (ext4): destination with the same identifier (name{equation.5.1}) has been already used, duplicate ignored
<to be read again> 
                   \relax 
l.651 \begin{equation}
                      \tag{50}pdfTeX warning (ext4): destination with the same identifier (name{equation.5.1}) has been already used, duplicate ignored
<to be read again> 
                   \relax 
l.651 \begin{equation}
                      \tag{50}pdfTeX warning (ext4): destination with the same identifier (name{equation.5.1}) has been already used, duplicate ignored
<to be read again> 
                   \relax 
l.651 \begin{equation}
                      \tag{50} [18]pdfTeX warning (ext4): destination with the same identifier (name{equation.5.1}) has been already used, duplicate ignored
<to be read again> 
                   \relax 
l.676 \begin{equation}
                      \tag{51}pdfTeX warning (ext4): destination with the same identifier (name{equation.5.1}) has been already used, duplicate ignored
<to be read again> 
                   \relax 
l.676 \begin{equation}
                      \tag{51}pdfTeX warning (ext4): destination with the same identifier (name{equation.5.1}) has been already used, duplicate ignored
<to be read again> 
                   \relax 
l.676 \begin{equation}
                      \tag{51}pdfTeX warning (ext4): destination with the same identifier (name{equation.5.1}) has been already used, duplicate ignored
<to be read again> 
                   \relax 
l.676 \begin{equation}
                      \tag{51}pdfTeX warning (ext4): destination with the same identifier (name{equation.5.1}) has been already used, duplicate ignored
<to be read again> 
                   \relax 
l.699 \begin{equation}
                      \tag{52}pdfTeX warning (ext4): destination with the same identifier (name{equation.5.1}) has been already used, duplicate ignored
<to be read again> 
                   \relax 
l.699 \begin{equation}
                      \tag{52}pdfTeX warning (ext4): destination with the same identifier (name{equation.5.1}) has been already used, duplicate ignored
<to be read again> 
                   \relax 
l.699 \begin{equation}
                      \tag{52}pdfTeX warning (ext4): destination with the same identifier (name{equation.5.1}) has been already used, duplicate ignored
<to be read again> 
                   \relax 
l.699 \begin{equation}
                      \tag{52} [19]pdfTeX warning (ext4): destination with the same identifier (name{equation.5.1}) has been already used, duplicate ignored
<to be read again> 
                   \relax 
l.744 \begin{equation}
                      \tag{53}pdfTeX warning (ext4): destination with the same identifier (name{equation.5.1}) has been already used, duplicate ignored
<to be read again> 
                   \relax 
l.744 \begin{equation}
                      \tag{53}pdfTeX warning (ext4): destination with the same identifier (name{equation.5.1}) has been already used, duplicate ignored
<to be read again> 
                   \relax 
l.744 \begin{equation}
                      \tag{53}pdfTeX warning (ext4): destination with the same identifier (name{equation.5.1}) has been already used, duplicate ignored
<to be read again> 
                   \relax 
l.744 \begin{equation}
                      \tag{53} [20]pdfTeX warning (ext4): destination with the same identifier (name{equation.5.1}) has been already used, duplicate ignored
<to be read again> 
                   \relax 
l.769 \begin{equation}
                      \tag{54}pdfTeX warning (ext4): destination with the same identifier (name{equation.5.1}) has been already used, duplicate ignored
<to be read again> 
                   \relax 
l.769 \begin{equation}
                      \tag{54}pdfTeX warning (ext4): destination with the same identifier (name{equation.5.1}) has been already used, duplicate ignored
<to be read again> 
                   \relax 
l.769 \begin{equation}
                      \tag{54}pdfTeX warning (ext4): destination with the same identifier (name{equation.5.1}) has been already used, duplicate ignored
<to be read again> 
                   \relax 
l.769 \begin{equation}
                      \tag{54}pdfTeX warning (ext4): destination with the same identifier (name{equation.5.1}) has been already used, duplicate ignored
<to be read again> 
                   \relax 
l.798 \begin{equation}
                      \tag{55}pdfTeX warning (ext4): destination with the same identifier (name{equation.5.1}) has been already used, duplicate ignored
<to be read again> 
                   \relax 
l.798 \begin{equation}
                      \tag{55}pdfTeX warning (ext4): destination with the same identifier (name{equation.5.1}) has been already used, duplicate ignored
<to be read again> 
                   \relax 
l.798 \begin{equation}
                      \tag{55}pdfTeX warning (ext4): destination with the same identifier (name{equation.5.1}) has been already used, duplicate ignored
<to be read again> 
                   \relax 
l.798 \begin{equation}
                      \tag{55} [21]pdfTeX warning (ext4): destination with the same identifier (name{equation.5.1}) has been already used, duplicate ignored
<to be read again> 
                   \relax 
l.814 \begin{equation}
                      \tag{56}pdfTeX warning (ext4): destination with the same identifier (name{equation.5.1}) has been already used, duplicate ignored
<to be read again> 
                   \relax 
l.814 \begin{equation}
                      \tag{56}pdfTeX warning (ext4): destination with the same identifier (name{equation.5.1}) has been already used, duplicate ignored
<to be read again> 
                   \relax 
l.814 \begin{equation}
                      \tag{56}pdfTeX warning (ext4): destination with the same identifier (name{equation.5.1}) has been already used, duplicate ignored
<to be read again> 
                   \relax 
l.814 \begin{equation}
                      \tag{56}pdfTeX warning (ext4): destination with the same identifier (name{equation.5.1}) has been already used, duplicate ignored
<to be read again> 
                   \relax 
l.825 \begin{equation}
                      \tag{57}pdfTeX warning (ext4): destination with the same identifier (name{equation.5.1}) has been already used, duplicate ignored
<to be read again> 
                   \relax 
l.825 \begin{equation}
                      \tag{57}pdfTeX warning (ext4): destination with the same identifier (name{equation.5.1}) has been already used, duplicate ignored
<to be read again> 
                   \relax 
l.825 \begin{equation}
                      \tag{57}pdfTeX warning (ext4): destination with the same identifier (name{equation.5.1}) has been already used, duplicate ignored
<to be read again> 
                   \relax 
l.825 \begin{equation}
                      \tag{57}pdfTeX warning (ext4): destination with the same identifier (name{equation.5.1}) has been already used, duplicate ignored
<to be read again> 
                   \relax 
l.836 \begin{equation}
                      \tag{57.5}pdfTeX warning (ext4): destination with the same identifier (name{equation.5.1}) has been already used, duplicate ignored
<to be read again> 
                   \relax 
l.836 \begin{equation}
                      \tag{57.5}pdfTeX warning (ext4): destination with the same identifier (name{equation.5.1}) has been already used, duplicate ignored
<to be read again> 
                   \relax 
l.836 \begin{equation}
                      \tag{57.5}pdfTeX warning (ext4): destination with the same identifier (name{equation.5.1}) has been already used, duplicate ignored
<to be read again> 
                   \relax 
l.836 \begin{equation}
                      \tag{57.5}pdfTeX warning (ext4): destination with the same identifier (name{equation.5.1}) has been already used, duplicate ignored
<to be read again> 
                   \relax 
l.840 \begin{equation}
                      \tag{57.5}pdfTeX warning (ext4): destination with the same identifier (name{equation.5.1}) has been already used, duplicate ignored
<to be read again> 
                   \relax 
l.840 \begin{equation}
                      \tag{57.5}pdfTeX warning (ext4): destination with the same identifier (name{equation.5.1}) has been already used, duplicate ignored
<to be read again> 
                   \relax 
l.840 \begin{equation}
                      \tag{57.5}pdfTeX warning (ext4): destination with the same identifier (name{equation.5.1}) has been already used, duplicate ignored
<to be read again> 
                   \relax 
l.840 \begin{equation}
                      \tag{57.5} [22]pdfTeX warning (ext4): destination with the same identifier (name{equation.5.1}) has been already used, duplicate ignored
<to be read again> 
                   \relax 
l.852 \begin{equation}
                      \tag{58}pdfTeX warning (ext4): destination with the same identifier (name{equation.5.1}) has been already used, duplicate ignored
<to be read again> 
                   \relax 
l.852 \begin{equation}
                      \tag{58}pdfTeX warning (ext4): destination with the same identifier (name{equation.5.1}) has been already used, duplicate ignored
<to be read again> 
                   \relax 
l.852 \begin{equation}
                      \tag{58}pdfTeX warning (ext4): destination with the same identifier (name{equation.5.1}) has been already used, duplicate ignored
<to be read again> 
                   \relax 
l.852 \begin{equation}
                      \tag{58}pdfTeX warning (ext4): destination with the same identifier (name{equation.5.1}) has been already used, duplicate ignored
<to be read again> 
                   \relax 
l.868 \begin{equation}
                      \tag{59}pdfTeX warning (ext4): destination with the same identifier (name{equation.5.1}) has been already used, duplicate ignored
<to be read again> 
                   \relax 
l.868 \begin{equation}
                      \tag{59}pdfTeX warning (ext4): destination with the same identifier (name{equation.5.1}) has been already used, duplicate ignored
<to be read again> 
                   \relax 
l.868 \begin{equation}
                      \tag{59}pdfTeX warning (ext4): destination with the same identifier (name{equation.5.1}) has been already used, duplicate ignored
<to be read again> 
                   \relax 
l.868 \begin{equation}
                      \tag{59}pdfTeX warning (ext4): destination with the same identifier (name{equation.5.1}) has been already used, duplicate ignored
<to be read again> 
                   \relax 
l.884 \begin{equation}
                      \tag{60}pdfTeX warning (ext4): destination with the same identifier (name{equation.5.1}) has been already used, duplicate ignored
<to be read again> 
                   \relax 
l.884 \begin{equation}
                      \tag{60}pdfTeX warning (ext4): destination with the same identifier (name{equation.5.1}) has been already used, duplicate ignored
<to be read again> 
                   \relax 
l.884 \begin{equation}
                      \tag{60}pdfTeX warning (ext4): destination with the same identifier (name{equation.5.1}) has been already used, duplicate ignored
<to be read again> 
                   \relax 
l.884 \begin{equation}
                      \tag{60}pdfTeX warning (ext4): destination with the same identifier (name{equation.5.1}) has been already used, duplicate ignored
<to be read again> 
                   \relax 
l.892 \begin{equation}
                      \tag{61}pdfTeX warning (ext4): destination with the same identifier (name{equation.5.1}) has been already used, duplicate ignored
<to be read again> 
                   \relax 
l.892 \begin{equation}
                      \tag{61}pdfTeX warning (ext4): destination with the same identifier (name{equation.5.1}) has been already used, duplicate ignored
<to be read again> 
                   \relax 
l.892 \begin{equation}
                      \tag{61}pdfTeX warning (ext4): destination with the same identifier (name{equation.5.1}) has been already used, duplicate ignored
<to be read again> 
                   \relax 
l.892 \begin{equation}
                      \tag{61} [23]pdfTeX warning (ext4): destination with the same identifier (name{equation.5.1}) has been already used, duplicate ignored
<to be read again> 
                   \relax 
l.906 \begin{equation}
                      \tag{62}pdfTeX warning (ext4): destination with the same identifier (name{equation.5.1}) has been already used, duplicate ignored
<to be read again> 
                   \relax 
l.906 \begin{equation}
                      \tag{62}pdfTeX warning (ext4): destination with the same identifier (name{equation.5.1}) has been already used, duplicate ignored
<to be read again> 
                   \relax 
l.906 \begin{equation}
                      \tag{62}pdfTeX warning (ext4): destination with the same identifier (name{equation.5.1}) has been already used, duplicate ignored
<to be read again> 
                   \relax 
l.906 \begin{equation}
                      \tag{62} [24] (/Users/pgcd/Documents/Sciences_Po/Master/S2/3_Macro_2/Presentation/Resources/Equations_description/Final/Equations_description.aux)
Package rerunfilecheck Info: File `Equations_description.out' has not changed.
(rerunfilecheck)             Checksum: 908E3702DB5A7A0A2929CF65454C3505;4934.
 ) 
Here is how much of TeX's memory you used:
 9835 strings out of 478994
 142596 string characters out of 5858184
 455669 words of memory out of 5000000
 27006 multiletter control sequences out of 15000+600000
 420687 words of font info for 83 fonts, out of 8000000 for 9000
 1141 hyphenation exceptions out of 8191
 71i,17n,74p,724b,438s stack positions out of 5000i,500n,10000p,200000b,80000s
{/usr/local/texlive/2021/texmf-dist/fonts/enc/dvips/base/8r.enc}{/usr/local/texlive/2021/texmf-dist/fonts/enc/dvips/cm-super/cm-super-ts1.enc}</usr/local/texlive/2021/texmf-dist/fonts/type1/public/amsfonts/cm/cmbx10.pfb></usr/local/texlive/2021/texmf-dist/fonts/type1/public/amsfonts/cm/cmbx12.pfb></usr/local/texlive/2021/texmf-dist/fonts/type1/public/amsfonts/cm/cmex10.pfb></usr/local/texlive/2021/texmf-dist/fonts/type1/public/amsfonts/cm/cmmi10.pfb></usr/local/texlive/2021/texmf-dist/fonts/type1/public/amsfonts/cm/cmmi5.pfb></usr/local/texlive/2021/texmf-dist/fonts/type1/public/amsfonts/cm/cmmi7.pfb></usr/local/texlive/2021/texmf-dist/fonts/type1/public/amsfonts/cm/cmmib10.pfb></usr/local/texlive/2021/texmf-dist/fonts/type1/public/amsfonts/cmextra/cmmib7.pfb></usr/local/texlive/2021/texmf-dist/fonts/type1/public/amsfonts/cm/cmr10.pfb></usr/local/texlive/2021/texmf-dist/fonts/type1/public/amsfonts/cm/cmr12.pfb></usr/local/texlive/2021/texmf-dist/fonts/type1/public/amsfonts/cm/cmr17.pfb></usr/local/texlive/2021/texmf-dist/fonts/type1/public/amsfonts/cm/cmr5.pfb></usr/local/texlive/2021/texmf-dist/fonts/type1/public/amsfonts/cm/cmr7.pfb></usr/local/texlive/2021/texmf-dist/fonts/type1/public/amsfonts/cm/cmsy10.pfb></usr/local/texlive/2021/texmf-dist/fonts/type1/public/amsfonts/cm/cmsy5.pfb></usr/local/texlive/2021/texmf-dist/fonts/type1/public/amsfonts/cm/cmsy7.pfb></usr/local/texlive/2021/texmf-dist/fonts/type1/public/amsfonts/symbols/msbm10.pfb></usr/local/texlive/2021/texmf-dist/fonts/type1/public/cm-super/sfrm1000.pfb></usr/local/texlive/2021/texmf-dist/fonts/type1/urw/times/utmri8a.pfb>
Output written on /Users/pgcd/Documents/Sciences_Po/Master/S2/3_Macro_2/Presentation/Resources/Equations_description/Final/Equations_description.pdf (24 pages, 279133 bytes).
PDF statistics:
 452 PDF objects out of 1000 (max. 8388607)
 402 compressed objects within 5 object streams
 176 named destinations out of 1000 (max. 500000)
 145 words of extra memory for PDF output out of 10000 (max. 10000000)

